#
# There is insufficient memory for the Java Runtime Environment to continue.
# Native memory allocation (malloc) failed to allocate 524288 bytes for AllocateHeap
# Possible reasons:
#   The system is out of physical RAM or swap space
#   The process is running with CompressedOops enabled, and the Java Heap may be blocking the growth of the native heap
# Possible solutions:
#   Reduce memory load on the system
#   Increase physical memory or swap space
#   Check if swap backing store is full
#   Decrease Java heap size (-Xmx/-Xms)
#   Decrease number of Java threads
#   Decrease Java thread stack sizes (-Xss)
#   Set larger code cache with -XX:ReservedCodeCacheSize=
#   JVM is running with Unscaled Compressed Oops mode in which the Java heap is
#     placed in the first 4GB address space. The Java Heap base address is the
#     maximum limit for the native heap growth. Please use -XX:HeapBaseMinAddress
#     to set the Java Heap base and to place the Java Heap above 4GB virtual address.
# This output file may be truncated or incomplete.
#
#  Out of Memory Error (./src/hotspot/share/memory/allocation.cpp:46), pid=7012, tid=1768
#
# JRE version:  (11.0.11+9) (build )
# Java VM: OpenJDK 64-Bit Server VM (11.0.11+9-b60-7590822, mixed mode, tiered, compressed oops, g1 gc, windows-amd64)
# No core dump will be written. Minidumps are not enabled by default on client versions of Windows
#

---------------  S U M M A R Y ------------

Command Line: org.jetbrains.git4idea.http.GitAskPassApp Username for 'https://github.com': 

Host: Intel(R) Core(TM) i7-6600U CPU @ 2.60GHz, 4 cores, 7G,  Windows 10 , 64 bit Build 19041 (10.0.19041.1466)
Time: Tue Feb  1 15:11:13 2022 South Africa Standard Time elapsed time: 0.867850 seconds (0d 0h 0m 0s)

---------------  T H R E A D  ---------------

Current thread (0x00000283ac74c800):  JavaThread "Unknown thread" [_thread_in_vm, id=1768, stack(0x0000009cf7800000,0x0000009cf7900000)]

Stack: [0x0000009cf7800000,0x0000009cf7900000]
Native frames: (J=compiled Java code, j=interpreted, Vv=VM code, C=native code)
V  [jvm.dll+0x5f214a]
V  [jvm.dll+0x726fb5]
V  [jvm.dll+0x7285cd]
V  [jvm.dll+0x728c83]
V  [jvm.dll+0x243278]
V  [jvm.dll+0xb3a34]
V  [jvm.dll+0x681c7f]
V  [jvm.dll+0x681c17]
V  [jvm.dll+0x681d9a]
V  [jvm.dll+0x7050d2]
V  [jvm.dll+0x7074f7]
V  [jvm.dll+0x3598f9]
V  [jvm.dll+0x6e931e]
V  [jvm.dll+0x3c1c43]
V  [jvm.dll+0x3c3e81]
C  [jli.dll+0x5373]
C  [ucrtbase.dll+0x21bb2]
C  [KERNEL32.DLL+0x17034]
C  [ntdll.dll+0x52651]


---------------  P R O C E S S  ---------------

Threads class SMR info:
_java_thread_list=0x00000283aa5b3e40, length=0, elements={
}

Java Threads: ( => current thread )

Other Threads:
  0x00000283ac766000 GCTaskThread "GC Thread#0" [stack: 0x0000009cf7900000,0x0000009cf7a00000] [id=7556]
  0x00000283ac796800 ConcurrentGCThread "G1 Main Marker" [stack: 0x0000009cf7a00000,0x0000009cf7b00000] [id=10584]
  0x00000283ac799800 ConcurrentGCThread "G1 Conc#0" [stack: 0x0000009cf7b00000,0x0000009cf7c00000] [id=7060]
  0x00000283ac827800 ConcurrentGCThread "G1 Refine#0" [stack: 0x0000009cf7c00000,0x0000009cf7d00000] [id=9972]
  0x00000283ac828800 ConcurrentGCThread "G1 Young RemSet Sampling" [stack: 0x0000009cf7d00000,0x0000009cf7e00000] [id=12176]

=>0x00000283ac74c800 (exited) JavaThread "Unknown thread" [_thread_in_vm, id=1768, stack(0x0000009cf7800000,0x0000009cf7900000)]

Threads with active compile tasks:

VM state:not at safepoint (not fully initialized)

VM Mutex/Monitor currently owned by a thread: None

Heap address: 0x0000000081400000, size: 2028 MB, Compressed Oops mode: 32-bit
Narrow klass base: 0x0000000000000000, Narrow klass shift: 3
Compressed class space size: 1073741824 Address: 0x0000000100000000

GC Heap History (0 events):
No events

Deoptimization events (0 events):
No events

Classes redefined (0 events):
No events

Internal exceptions (0 events):
No events

Events (1 events):
Event: 0.452 Loaded shared library C:\Program Files\Android\Android Studio1\jre\bin\zip.dll


Dynamic libraries:
0x00007ff747320000 - 0x00007ff74732a000 	C:\Program Files\Android\Android Studio1\jre\bin\java.exe
0x00007ffa6d210000 - 0x00007ffa6d405000 	C:\WINDOWS\SYSTEM32\ntdll.dll
0x00007ffa6d110000 - 0x00007ffa6d1ce000 	C:\WINDOWS\System32\KERNEL32.DLL
0x00007ffa6aa70000 - 0x00007ffa6ad38000 	C:\WINDOWS\System32\KERNELBASE.dll
0x00007ffa6ad40000 - 0x00007ffa6ae40000 	C:\WINDOWS\System32\ucrtbase.dll
0x00007ffa3bdf0000 - 0x00007ffa3be09000 	C:\Program Files\Android\Android Studio1\jre\bin\jli.dll
0x00007ffa6c920000 - 0x00007ffa6cac1000 	C:\WINDOWS\System32\USER32.dll
0x00007ffa6b040000 - 0x00007ffa6b062000 	C:\WINDOWS\System32\win32u.dll
0x00007ffa6b250000 - 0x00007ffa6b27b000 	C:\WINDOWS\System32\GDI32.dll
0x00007ffa52850000 - 0x00007ffa52aea000 	C:\WINDOWS\WinSxS\amd64_microsoft.windows.common-controls_6595b64144ccf1df_6.0.19041.1110_none_60b5254171f9507e\COMCTL32.dll
0x00007ffa6ae40000 - 0x00007ffa6af4d000 	C:\WINDOWS\System32\gdi32full.dll
0x00007ffa6cad0000 - 0x00007ffa6cb6e000 	C:\WINDOWS\System32\msvcrt.dll
0x00007ffa6a920000 - 0x00007ffa6a9bd000 	C:\WINDOWS\System32\msvcp_win.dll
0x00007ffa3be10000 - 0x00007ffa3be27000 	C:\Program Files\Android\Android Studio1\jre\bin\VCRUNTIME140.dll
0x00007ffa6c7d0000 - 0x00007ffa6c800000 	C:\WINDOWS\System32\IMM32.DLL
0x00007ffa1db80000 - 0x00007ffa1dc1d000 	C:\Program Files\Android\Android Studio1\jre\bin\msvcp140.dll
0x00007ffa25c80000 - 0x00007ffa26755000 	C:\Program Files\Android\Android Studio1\jre\bin\server\jvm.dll
0x00007ffa6b5e0000 - 0x00007ffa6b68e000 	C:\WINDOWS\System32\ADVAPI32.dll
0x00007ffa6b750000 - 0x00007ffa6b7ec000 	C:\WINDOWS\System32\sechost.dll
0x00007ffa6bcf0000 - 0x00007ffa6be15000 	C:\WINDOWS\System32\RPCRT4.dll
0x00007ffa6b7f0000 - 0x00007ffa6b7f8000 	C:\WINDOWS\System32\PSAPI.DLL
0x00007ffa62170000 - 0x00007ffa62179000 	C:\WINDOWS\SYSTEM32\WSOCK32.dll
0x00007ffa6c760000 - 0x00007ffa6c7cb000 	C:\WINDOWS\System32\WS2_32.dll
0x00007ffa52ca0000 - 0x00007ffa52cc7000 	C:\WINDOWS\SYSTEM32\WINMM.dll
0x00007ffa5bf60000 - 0x00007ffa5bf6a000 	C:\WINDOWS\SYSTEM32\VERSION.dll
0x00007ffa688a0000 - 0x00007ffa688b2000 	C:\WINDOWS\SYSTEM32\kernel.appcore.dll
0x00007ffa2bbb0000 - 0x00007ffa2bbc1000 	C:\Program Files\Android\Android Studio1\jre\bin\verify.dll
0x00007ffa52d40000 - 0x00007ffa52f24000 	C:\WINDOWS\SYSTEM32\DBGHELP.DLL
0x00007ffa52d10000 - 0x00007ffa52d3c000 	C:\WINDOWS\SYSTEM32\dbgcore.DLL
0x00007ffa6afb0000 - 0x00007ffa6b032000 	C:\WINDOWS\System32\bcryptPrimitives.dll
0x00007ffa2bb80000 - 0x00007ffa2bba9000 	C:\Program Files\Android\Android Studio1\jre\bin\java.dll
0x00007ffa44170000 - 0x00007ffa4417b000 	C:\Program Files\Android\Android Studio1\jre\bin\jimage.dll
0x00007ffa364f0000 - 0x00007ffa36508000 	C:\Program Files\Android\Android Studio1\jre\bin\zip.dll

dbghelp: loaded successfully - version: 4.0.5 - missing functions: none
symbol engine: initialized successfully - sym options: 0x614 - pdb path: .;C:\Program Files\Android\Android Studio1\jre\bin;C:\WINDOWS\SYSTEM32;C:\WINDOWS\WinSxS\amd64_microsoft.windows.common-controls_6595b64144ccf1df_6.0.19041.1110_none_60b5254171f9507e;C:\Program Files\Android\Android Studio1\jre\bin\server

VM Arguments:
java_command: org.jetbrains.git4idea.http.GitAskPassApp Username for 'https://github.com': 
java_class_path (initial): C:/Program Files/Android/Android Studio1/plugins/git4idea/lib/git4idea-rt.jar;C:/Program Files/Android/Android Studio1/lib/xmlrpc-2.0.1.jar;C:/Program Files/Android/Android Studio1/lib/commons-codec-1.15.jar
Launcher Type: SUN_STANDARD

[Global flags]
     intx CICompilerCount                          = 3                                         {product} {ergonomic}
     uint ConcGCThreads                            = 1                                         {product} {ergonomic}
     uint G1ConcRefinementThreads                  = 4                                         {product} {ergonomic}
   size_t G1HeapRegionSize                         = 1048576                                   {product} {ergonomic}
    uintx GCDrainStackTargetSize                   = 64                                        {product} {ergonomic}
   size_t InitialHeapSize                          = 134217728                                 {product} {ergonomic}
   size_t MarkStackSize                            = 4194304                                   {product} {ergonomic}
   size_t MaxHeapSize                              = 2126512128                                {product} {ergonomic}
   size_t MaxNewSize                               = 1275068416                                {product} {ergonomic}
   size_t MinHeapDeltaBytes                        = 1048576                                   {product} {ergonomic}
    uintx NonNMethodCodeHeapSize                   = 5830732                                {pd product} {ergonomic}
    uintx NonProfiledCodeHeapSize                  = 122913754                              {pd product} {ergonomic}
    uintx ProfiledCodeHeapSize                     = 122913754                              {pd product} {ergonomic}
    uintx ReservedCodeCacheSize                    = 251658240                              {pd product} {ergonomic}
     bool SegmentedCodeCache                       = true                                      {product} {ergonomic}
     bool UseCompressedClassPointers               = true                                 {lp64_product} {ergonomic}
     bool UseCompressedOops                        = true                                 {lp64_product} {ergonomic}
     bool UseG1GC                                  = true                                      {product} {ergonomic}
     bool UseLargePagesIndividualAllocation        = false                                  {pd product} {ergonomic}

Logging:
Log output configuration:
 #0: stdout all=warning uptime,level,tags
 #1: stderr all=off uptime,level,tags

Environment Variables:
PATH=C:\Program Files\Git\mingw64\libexec\git-core;C:\Program Files\Git\mingw64\libexec\git-core;C:\Program Files\Git\mingw64\bin;C:\Program Files\Git\usr\bin;C:\Users\Z50-C-16E\bin;C:\Program Files (x86)\Common Files\Oracle\Java\javapath;C:\Program Files (x86)\Intel\iCLS Client;C:\Program Files\Intel\iCLS Client;C:\Windows\system32;C:\Windows;C:\Windows\System32\Wbem;C:\Windows\System32\WindowsPowerShell\v1.0;C:\Program Files (x86)\Intel\Intel(R) Management Engine Components\DAL;C:\Program Files\Intel\Intel(R) Management Engine Components\DAL;C:\Program Files (x86)\Intel\Intel(R) Management Engine Components\IPT;C:\Program Files\Intel\Intel(R) Management Engine Components\IPT;C:\Program Files (x86)\NVIDIA Corporation\PhysX\Common;C:\WINDOWS\System32\OpenSSH;C:\Program Files\Microsoft SQL Server\110\Tools\Binn;C:\Program Files\dotnet;C:\Program Files\Microsoft SQL Server\130\Tools\Binn;C:\Program Files\Microsoft SQL Server\Client SDK\ODBC\170\Tools\Binn;C:\Program Files\Microsoft\Web Platform Installer;C:\WINDOWS\system32;C:\WINDOWS;C:\WINDOWS\System32\Wbem;C:\WINDOWS\System32\WindowsPowerShell\v1.0;C:\WINDOWS\System32\OpenSSH;C:\Program Files\Git\cmd;C:\Users\Z50-C-16E\AppData\Local\Android\Sdk\platform-tools;C:\Users\Z50-C-16E\AppData\Local\Microsoft\WindowsApp;C:\Users\Z50-C-16E\AppData\Local\Android\Sdk\platform-tools";C:\Users\Z50-C-16E\AppData\Local\atom\bi;.;C:\SQLite;C:\Users\Z50-C-16E\AppData\Local\Microsoft\WindowsApps
USERNAME=Dwayne
DISPLAY=:0.0
LC_ALL=en_US.UTF-8
OS=Windows_NT
PROCESSOR_IDENTIFIER=Intel64 Family 6 Model 78 Stepping 3, GenuineIntel



---------------  S Y S T E M  ---------------

OS: Windows 10 , 64 bit Build 19041 (10.0.19041.1466)
OS uptime: 0 days 3:05 hours

CPU:total 4 (initial active 4) (2 cores per cpu, 2 threads per core) family 6 model 78 stepping 3 microcode 0xcc, cmov, cx8, fxsr, mmx, sse, sse2, sse3, ssse3, sse4.1, sse4.2, popcnt, avx, avx2, aes, clmul, erms, rtm, 3dnowpref, lzcnt, ht, tsc, tscinvbit, bmi1, bmi2, adx, fma

Memory: 4k page, system-wide physical 8107M (601M free)
TotalPageFile size 10016M (AvailPageFile size 6M)
current process WorkingSet (physical memory assigned to process): 15M, peak: 15M
current process commit charge ("private bytes"): 185M, peak: 186M

vm_info: OpenJDK 64-Bit Server VM (11.0.11+9-b60-7590822) for windows-amd64 JRE (11.0.11+9-b60-7590822), built on Jul 29 2021 21:43:44 by "builder" with MS VC++ 14.0 (VS2015)

END.
